[debug] [2024-09-29T05:09:57.970Z] ----------------------------------------------------------------------
[debug] [2024-09-29T05:09:57.972Z] Command:       C:\Program Files\nodejs\node.exe C:\Users\MullaiVenese\AppData\Roaming\npm\node_modules\firebase-tools\lib\bin\firebase.js init
[debug] [2024-09-29T05:09:57.972Z] CLI Version:   13.20.1
[debug] [2024-09-29T05:09:57.972Z] Platform:      win32
[debug] [2024-09-29T05:09:57.972Z] Node Version:  v20.17.0
[debug] [2024-09-29T05:09:57.973Z] Time:          Sun Sep 29 2024 10:39:57 GMT+0530 (India Standard Time)
[debug] [2024-09-29T05:09:57.973Z] ----------------------------------------------------------------------
[debug] 
[debug] [2024-09-29T05:09:57.991Z] > command requires scopes: ["email","openid","https://www.googleapis.com/auth/cloudplatformprojects.readonly","https://www.googleapis.com/auth/firebase","https://www.googleapis.com/auth/cloud-platform"]
[debug] [2024-09-29T05:09:57.992Z] > authorizing via signed-in user (mullaivenese0307@gmail.com)
[info] 
     ######## #### ########  ######## ########     ###     ######  ########
     ##        ##  ##     ## ##       ##     ##  ##   ##  ##       ##
     ######    ##  ########  ######   ########  #########  ######  ######
     ##        ##  ##    ##  ##       ##     ## ##     ##       ## ##
     ##       #### ##     ## ######## ########  ##     ##  ######  ########

You're about to initialize a Firebase project in this directory:

  M:\VS Code\Projects\StopWatch

[info] 
=== Project Setup
[info] 
[info] First, let's associate this project directory with a Firebase project.
[info] You can create multiple project aliases by running firebase use --add, 
[info] but for now we'll just set up a default project.
[info] 
[debug] [2024-09-29T05:10:28.083Z] Checked if tokens are valid: true, expires at: 1727588588102
[debug] [2024-09-29T05:10:28.083Z] Checked if tokens are valid: true, expires at: 1727588588102
[debug] [2024-09-29T05:10:28.085Z] >>> [apiv2][query] GET https://firebase.googleapis.com/v1beta1/projects pageSize=100
[debug] [2024-09-29T05:10:29.202Z] <<< [apiv2][status] GET https://firebase.googleapis.com/v1beta1/projects 200
[debug] [2024-09-29T05:10:29.202Z] <<< [apiv2][body] GET https://firebase.googleapis.com/v1beta1/projects [omitted]
[info] i  Using project eventmanageproject (Event Management Project) 
[info] 
=== Hosting Setup
[debug] [2024-09-29T05:10:30.612Z] Checked if tokens are valid: true, expires at: 1727588588102
[debug] [2024-09-29T05:10:30.612Z] Checked if tokens are valid: true, expires at: 1727588588102
[debug] [2024-09-29T05:10:30.613Z] >>> [apiv2][query] GET https://firebase.googleapis.com/v1beta1/projects/eventmanageproject [none]
[debug] [2024-09-29T05:10:31.256Z] <<< [apiv2][status] GET https://firebase.googleapis.com/v1beta1/projects/eventmanageproject 200
[debug] [2024-09-29T05:10:31.256Z] <<< [apiv2][body] GET https://firebase.googleapis.com/v1beta1/projects/eventmanageproject {"projectId":"eventmanageproject","projectNumber":"162921889813","displayName":"Event Management Project","name":"projects/eventmanageproject","resources":{"hostingSite":"eventmanageproject"},"state":"ACTIVE","etag":"1_8a545b2f-8ca8-4c1c-aa3b-d97043e06618"}
[info] 
[info] Your public directory is the folder (relative to your project directory) that
[info] will contain Hosting assets to be uploaded with firebase deploy. If you
[info] have a build process for your assets, use your build's output directory.
[info] 
[info] +  Wrote public/404.html 
[debug] [2024-09-29T05:10:52.028Z] >>> [apiv2][query] GET https://www.gstatic.com/firebasejs/releases.json [none]
[debug] [2024-09-29T05:10:52.360Z] <<< [apiv2][status] GET https://www.gstatic.com/firebasejs/releases.json 200
[debug] [2024-09-29T05:10:52.361Z] <<< [apiv2][body] GET https://www.gstatic.com/firebasejs/releases.json {"current":{"version":"10.13.2","browserURL":"https://www.gstatic.com/firebasejs/10.13.2/firebase.js","packageURL":"https://www.gstatic.com/firebasejs/10.13.2/firebase.tgz"},"live":{"version":"10.13","browserURL":"https://www.gstatic.com/firebasejs/live/10.13/firebase.js","packageURL":"https://www.gstatic.com/firebasejs/live/10.13/firebase.tgz"},"components":{"analytics":"https://www.gstatic.com/firebasejs/10.13.2/firebase-analytics.js","app":"https://www.gstatic.com/firebasejs/10.13.2/firebase-app.js","app-check":"https://www.gstatic.com/firebasejs/10.13.2/firebase-app-check.js","auth":"https://www.gstatic.com/firebasejs/10.13.2/firebase-auth.js","auth/cordova":"https://www.gstatic.com/firebasejs/10.13.2/firebase-auth/cordova.js","auth/web-extension":"https://www.gstatic.com/firebasejs/10.13.2/firebase-auth/web-extension.js","functions":"https://www.gstatic.com/firebasejs/10.13.2/firebase-functions.js","firestore":"https://www.gstatic.com/firebasejs/10.13.2/firebase-firestore.js","firestore/lite":"https://www.gstatic.com/firebasejs/10.13.2/firebase-firestore/lite.js","installations":"https://www.gstatic.com/firebasejs/10.13.2/firebase-installations.js","storage":"https://www.gstatic.com/firebasejs/10.13.2/firebase-storage.js","performance":"https://www.gstatic.com/firebasejs/10.13.2/firebase-performance.js","remote-config":"https://www.gstatic.com/firebasejs/10.13.2/firebase-remote-config.js","messaging":"https://www.gstatic.com/firebasejs/10.13.2/firebase-messaging.js","messaging/sw":"https://www.gstatic.com/firebasejs/10.13.2/firebase-messaging/sw.js","database":"https://www.gstatic.com/firebasejs/10.13.2/firebase-database.js","vertexai-preview":"https://www.gstatic.com/firebasejs/10.13.2/firebase-vertexai-preview.js","firestore.memory":"https://www.gstatic.com/firebasejs/10.13.2/firebase-firestore.memory.js"}}
[info] i  Skipping write of public/index.html 
[info] 
[info] i  Writing configuration info to firebase.json... 
[info] i  Writing project information to .firebaserc... 
[info] i  Writing gitignore file to .gitignore... 
[info] 
[info] +  Firebase initialization complete! 
